Using pre-set license
Built from '2020.2/release' branch; Version is '2020.2.1f1 (270dd8c3da1c) revision 2559448'; Using compiler version '192528614'; Build Type 'Release'
OS: 'Windows 10  (10.0.0) 64bit' Language: 'zh' Physical Memory: 8082 MB
BatchMode: 1, IsHumanControllingUs: 0, StartBugReporterOnCrash: 0, Is64bit: 1, IsPro: 0

 COMMAND LINE ARGUMENTS:
D:\Program Files\Unity\Editor\2020.2.1f1\Editor\Unity.exe
-adb2
-batchMode
-noUpm
-name
AssetImportWorker2
-projectPath
D:/Program Files/Unity/ADV Lab Ex5
-logFile
Logs/AssetImportWorker2.log
-srvPort
50238
Successfully changed project path to: D:/Program Files/Unity/ADV Lab Ex5
D:/Program Files/Unity/ADV Lab Ex5
Using Asset Import Pipeline V2.
Refreshing native plugins compatible for Editor in 34.05 ms, found 1 plugins.
Preloading 0 native plugins for Editor in 0.00 ms.
Initialize engine version: 2020.2.1f1 (270dd8c3da1c)
[Subsystems] Discovering subsystems at path D:/Program Files/Unity/Editor/2020.2.1f1/Editor/Data/Resources/UnitySubsystems
[Subsystems] Discovering subsystems at path D:/Program Files/Unity/ADV Lab Ex5/Assets
GfxDevice: creating device client; threaded=0
Direct3D:
    Version:  Direct3D 11.0 [level 11.1]
    Renderer: NVIDIA GeForce GTX 1060 (ID=0x1c20)
    Vendor:   
    VRAM:     6052 MB
    Driver:   27.21.14.6172
Initialize mono
Mono path[0] = 'D:/Program Files/Unity/Editor/2020.2.1f1/Editor/Data/Managed'
Mono path[1] = 'D:/Program Files/Unity/Editor/2020.2.1f1/Editor/Data/MonoBleedingEdge/lib/mono/unityjit'
Mono config path = 'D:/Program Files/Unity/Editor/2020.2.1f1/Editor/Data/MonoBleedingEdge/etc'
Using monoOptions --debugger-agent=transport=dt_socket,embedding=1,server=y,suspend=n,address=127.0.0.1:56464
Begin MonoManager ReloadAssembly
Registering precompiled unity dll's ...
Register platform support module: D:/Program Files/Unity/Editor/2020.2.1f1/Editor/Data/PlaybackEngines/WindowsStandaloneSupport/UnityEditor.WindowsStandalone.Extensions.dll
Registered in 0.002529 seconds.
Native extension for WindowsStandalone target not found
Refreshing native plugins compatible for Editor in 32.07 ms, found 1 plugins.
Preloading 0 native plugins for Editor in 0.00 ms.
Invoked RoslynAnalysisRunner static constructor.
RoslynAnalysisRunner will not be running.
RoslynAnalysisRunner has terminated.
Mono: successfully reloaded assembly
- Completed reload, in  1.008 seconds
Platform modules already initialized, skipping
Registering precompiled user dll's ...
Registered in 0.001033 seconds.
Begin MonoManager ReloadAssembly
Native extension for WindowsStandalone target not found
Refreshing native plugins compatible for Editor in 50.67 ms, found 1 plugins.
Preloading 0 native plugins for Editor in 0.00 ms.
Invoked RoslynAnalysisRunner static constructor.
RoslynAnalysisRunner will not be running.
RoslynAnalysisRunner has terminated.
Mono: successfully reloaded assembly
- Completed reload, in  2.828 seconds
Platform modules already initialized, skipping
========================================================================
Worker process is ready to serve import requests
Launched and connected shader compiler UnityShaderCompiler.exe after 0.23 seconds
Refreshing native plugins compatible for Editor in 0.56 ms, found 1 plugins.
Preloading 0 native plugins for Editor in 0.00 ms.
Unloading 1787 Unused Serialized files (Serialized files now loaded: 0)
System memory in use before: 83.6 MB.
System memory in use after: 83.6 MB.

Unloading 24 unused Assets to reduce memory usage. Loaded Objects now: 2228.
Total: 28.880000 ms (FindLiveObjects: 0.472600 ms CreateObjectMapping: 0.355800 ms MarkObjects: 17.072900 ms  DeleteObjects: 10.955200 ms)

========================================================================
Received Import Request.
  path: Assets/Art/NPC_test.png
  artifactKey: Guid(b83b5fc092f9fc54d88b37461b0db096) Importer(815301076,1909f56bfc062723c751e8b465ee728b)
Start importing Assets/Art/NPC_test.png using Guid(b83b5fc092f9fc54d88b37461b0db096) Importer(815301076,1909f56bfc062723c751e8b465ee728b)  -> (artifact id: '45796073ada4ce05b6efa1025ab1c78a') in 0.471596 seconds
  Import took 0.576778 seconds .

========================================================================
Received Import Request.
  Time since last request: 0.000850 seconds.
  path: Assets/Art
  artifactKey: Guid(2096a770eca211b43aeab3962b8d9795) Importer(815301076,1909f56bfc062723c751e8b465ee728b)
Start importing Assets/Art using Guid(2096a770eca211b43aeab3962b8d9795) Importer(815301076,1909f56bfc062723c751e8b465ee728b)  -> (artifact id: '7878d5766a322b061fab15bddd94ac69') in 0.019245 seconds
  Import took 0.041619 seconds .

========================================================================
Received Import Request.
  Time since last request: 56.466721 seconds.
  path: Assets/Art/Sample1.png
  artifactKey: Guid(350c4e9c1a4cf9e49bde7e97195b9940) Importer(815301076,1909f56bfc062723c751e8b465ee728b)
Start importing Assets/Art/Sample1.png using Guid(350c4e9c1a4cf9e49bde7e97195b9940) Importer(815301076,1909f56bfc062723c751e8b465ee728b)  -> (artifact id: '9d8b105d8bb64ef75735772e16ac051f') in 0.022829 seconds
  Import took 0.039094 seconds .

========================================================================
Received Import Request.
  Time since last request: 588.814958 seconds.
  path: Assets/Art/NPC_test.png
  artifactKey: Guid(b83b5fc092f9fc54d88b37461b0db096) Importer(815301076,1909f56bfc062723c751e8b465ee728b)
Start importing Assets/Art/NPC_test.png using Guid(b83b5fc092f9fc54d88b37461b0db096) Importer(815301076,1909f56bfc062723c751e8b465ee728b)  -> (artifact id: 'a8fb220eaf31586f3008641dfb515a91') in 0.026859 seconds
  Import took 0.033789 seconds .

========================================================================
Received Import Request.
  Time since last request: 0.014219 seconds.
  path: Assets/Art/NPC_test.png
  artifactKey: Guid(b83b5fc092f9fc54d88b37461b0db096) Importer(815301076,1909f56bfc062723c751e8b465ee728b)
Start importing Assets/Art/NPC_test.png using Guid(b83b5fc092f9fc54d88b37461b0db096) Importer(815301076,1909f56bfc062723c751e8b465ee728b)  -> (artifact id: 'a8fb220eaf31586f3008641dfb515a91') in 0.006362 seconds
  Import took 0.021693 seconds .

========================================================================
Received Import Request.
  Time since last request: 34.205342 seconds.
  path: Assets/Art/NPC_test.png
  artifactKey: Guid(b83b5fc092f9fc54d88b37461b0db096) Importer(815301076,1909f56bfc062723c751e8b465ee728b)
Start importing Assets/Art/NPC_test.png using Guid(b83b5fc092f9fc54d88b37461b0db096) Importer(815301076,1909f56bfc062723c751e8b465ee728b)  -> (artifact id: '7124a452abf6c9395a544a6f2419e9f1') in 0.012502 seconds
  Import took 0.017961 seconds .

========================================================================
Received Import Request.
  Time since last request: 0.007404 seconds.
  path: Assets/Art/NPC_test.png
  artifactKey: Guid(b83b5fc092f9fc54d88b37461b0db096) Importer(815301076,1909f56bfc062723c751e8b465ee728b)
Start importing Assets/Art/NPC_test.png using Guid(b83b5fc092f9fc54d88b37461b0db096) Importer(815301076,1909f56bfc062723c751e8b465ee728b)  -> (artifact id: '7124a452abf6c9395a544a6f2419e9f1') in 0.016068 seconds
  Import took 0.020394 seconds .

========================================================================
Received Import Request.
  Time since last request: 191.287776 seconds.
  path: Assets/Art/NPC_test.png
  artifactKey: Guid(b83b5fc092f9fc54d88b37461b0db096) Importer(815301076,1909f56bfc062723c751e8b465ee728b)
Start importing Assets/Art/NPC_test.png using Guid(b83b5fc092f9fc54d88b37461b0db096) Importer(815301076,1909f56bfc062723c751e8b465ee728b)  -> (artifact id: 'c5057f995fa95ecdd1acda0d0d3a0f34') in 0.019056 seconds
  Import took 0.024205 seconds .

========================================================================
Received Import Request.
  Time since last request: 0.008489 seconds.
  path: Assets/Art/NPC_test.png
  artifactKey: Guid(b83b5fc092f9fc54d88b37461b0db096) Importer(815301076,1909f56bfc062723c751e8b465ee728b)
Start importing Assets/Art/NPC_test.png using Guid(b83b5fc092f9fc54d88b37461b0db096) Importer(815301076,1909f56bfc062723c751e8b465ee728b)  -> (artifact id: 'c5057f995fa95ecdd1acda0d0d3a0f34') in 0.010617 seconds
  Import took 0.014819 seconds .

========================================================================
Received Import Request.
  Time since last request: 123.537985 seconds.
  path: Assets/Art/NPC_test.png
  artifactKey: Guid(b83b5fc092f9fc54d88b37461b0db096) Importer(815301076,1909f56bfc062723c751e8b465ee728b)
Start importing Assets/Art/NPC_test.png using Guid(b83b5fc092f9fc54d88b37461b0db096) Importer(815301076,1909f56bfc062723c751e8b465ee728b)  -> (artifact id: 'df2268a8e6c53c4254f084f3634e94b7') in 0.069611 seconds
  Import took 0.081908 seconds .

========================================================================
Received Prepare
Registering precompiled user dll's ...
Registered in 0.001435 seconds.
Begin MonoManager ReloadAssembly
Native extension for WindowsStandalone target not found
Refreshing native plugins compatible for Editor in 0.98 ms, found 1 plugins.
Preloading 0 native plugins for Editor in 0.00 ms.
Invoked RoslynAnalysisRunner static constructor.
RoslynAnalysisRunner will not be running.
RoslynAnalysisRunner has terminated.
Mono: successfully reloaded assembly
- Completed reload, in  2.359 seconds
Platform modules already initialized, skipping
Refreshing native plugins compatible for Editor in 0.37 ms, found 1 plugins.
Preloading 0 native plugins for Editor in 0.00 ms.
Unloading 1783 Unused Serialized files (Serialized files now loaded: 0)
System memory in use before: 86.8 MB.
System memory in use after: 86.8 MB.

Unloading 12 unused Assets to reduce memory usage. Loaded Objects now: 2242.
Total: 3.748800 ms (FindLiveObjects: 0.306700 ms CreateObjectMapping: 0.111000 ms MarkObjects: 3.178700 ms  DeleteObjects: 0.150100 ms)

========================================================================
Received Prepare
Registering precompiled user dll's ...
Registered in 0.001038 seconds.
Begin MonoManager ReloadAssembly
Native extension for WindowsStandalone target not found
Refreshing native plugins compatible for Editor in 0.33 ms, found 1 plugins.
Preloading 0 native plugins for Editor in 0.00 ms.
Invoked RoslynAnalysisRunner static constructor.
RoslynAnalysisRunner will not be running.
RoslynAnalysisRunner has terminated.
Mono: successfully reloaded assembly
- Completed reload, in  0.870 seconds
Platform modules already initialized, skipping
Refreshing native plugins compatible for Editor in 0.39 ms, found 1 plugins.
Preloading 0 native plugins for Editor in 0.00 ms.
Unloading 1783 Unused Serialized files (Serialized files now loaded: 0)
System memory in use before: 86.9 MB.
System memory in use after: 86.9 MB.

Unloading 12 unused Assets to reduce memory usage. Loaded Objects now: 2245.
Total: 2.275800 ms (FindLiveObjects: 0.240200 ms CreateObjectMapping: 0.062300 ms MarkObjects: 1.836500 ms  DeleteObjects: 0.134500 ms)

========================================================================
Received Prepare
Registering precompiled user dll's ...
Registered in 0.001283 seconds.
Begin MonoManager ReloadAssembly
Native extension for WindowsStandalone target not found
Refreshing native plugins compatible for Editor in 0.50 ms, found 1 plugins.
Preloading 0 native plugins for Editor in 0.00 ms.
Invoked RoslynAnalysisRunner static constructor.
RoslynAnalysisRunner will not be running.
RoslynAnalysisRunner has terminated.
Mono: successfully reloaded assembly
- Completed reload, in  0.937 seconds
Platform modules already initialized, skipping
Refreshing native plugins compatible for Editor in 0.32 ms, found 1 plugins.
Preloading 0 native plugins for Editor in 0.00 ms.
Unloading 1783 Unused Serialized files (Serialized files now loaded: 0)
System memory in use before: 86.9 MB.
System memory in use after: 86.9 MB.

Unloading 12 unused Assets to reduce memory usage. Loaded Objects now: 2248.
Total: 2.014800 ms (FindLiveObjects: 0.152700 ms CreateObjectMapping: 0.054000 ms MarkObjects: 1.717300 ms  DeleteObjects: 0.089100 ms)

========================================================================
Received Prepare
Registering precompiled user dll's ...
Registered in 0.000987 seconds.
Begin MonoManager ReloadAssembly
Native extension for WindowsStandalone target not found
Refreshing native plugins compatible for Editor in 0.33 ms, found 1 plugins.
Preloading 0 native plugins for Editor in 0.00 ms.
Invoked RoslynAnalysisRunner static constructor.
RoslynAnalysisRunner will not be running.
RoslynAnalysisRunner has terminated.
Mono: successfully reloaded assembly
- Completed reload, in  0.833 seconds
Platform modules already initialized, skipping
Refreshing native plugins compatible for Editor in 0.32 ms, found 1 plugins.
Preloading 0 native plugins for Editor in 0.00 ms.
Unloading 1783 Unused Serialized files (Serialized files now loaded: 0)
System memory in use before: 87.0 MB.
System memory in use after: 87.0 MB.

Unloading 12 unused Assets to reduce memory usage. Loaded Objects now: 2251.
Total: 2.157300 ms (FindLiveObjects: 0.198700 ms CreateObjectMapping: 0.081900 ms MarkObjects: 1.773300 ms  DeleteObjects: 0.101500 ms)

========================================================================
Received Prepare
Registering precompiled user dll's ...
Registered in 0.002064 seconds.
Begin MonoManager ReloadAssembly
Native extension for WindowsStandalone target not found
Refreshing native plugins compatible for Editor in 0.42 ms, found 1 plugins.
Preloading 0 native plugins for Editor in 0.00 ms.
Invoked RoslynAnalysisRunner static constructor.
RoslynAnalysisRunner will not be running.
RoslynAnalysisRunner has terminated.
Mono: successfully reloaded assembly
- Completed reload, in  0.862 seconds
Platform modules already initialized, skipping
Refreshing native plugins compatible for Editor in 0.34 ms, found 1 plugins.
Preloading 0 native plugins for Editor in 0.00 ms.
Unloading 1783 Unused Serialized files (Serialized files now loaded: 0)
System memory in use before: 87.1 MB.
System memory in use after: 87.1 MB.

Unloading 12 unused Assets to reduce memory usage. Loaded Objects now: 2254.
Total: 2.378400 ms (FindLiveObjects: 0.277400 ms CreateObjectMapping: 0.055800 ms MarkObjects: 1.935500 ms  DeleteObjects: 0.108000 ms)

========================================================================
Received Prepare
Registering precompiled user dll's ...
Registered in 0.000993 seconds.
Begin MonoManager ReloadAssembly
Native extension for WindowsStandalone target not found
Refreshing native plugins compatible for Editor in 0.31 ms, found 1 plugins.
Preloading 0 native plugins for Editor in 0.00 ms.
Invoked RoslynAnalysisRunner static constructor.
RoslynAnalysisRunner will not be running.
RoslynAnalysisRunner has terminated.
Mono: successfully reloaded assembly
- Completed reload, in  0.825 seconds
Platform modules already initialized, skipping
Refreshing native plugins compatible for Editor in 0.33 ms, found 1 plugins.
Preloading 0 native plugins for Editor in 0.00 ms.
Unloading 1783 Unused Serialized files (Serialized files now loaded: 0)
System memory in use before: 87.2 MB.
System memory in use after: 87.2 MB.

Unloading 12 unused Assets to reduce memory usage. Loaded Objects now: 2257.
Total: 2.129600 ms (FindLiveObjects: 0.191600 ms CreateObjectMapping: 0.067600 ms MarkObjects: 1.777400 ms  DeleteObjects: 0.091900 ms)

========================================================================
Received Prepare
Registering precompiled user dll's ...
Registered in 0.001034 seconds.
Begin MonoManager ReloadAssembly
Native extension for WindowsStandalone target not found
Refreshing native plugins compatible for Editor in 0.33 ms, found 1 plugins.
Preloading 0 native plugins for Editor in 0.00 ms.
Invoked RoslynAnalysisRunner static constructor.
RoslynAnalysisRunner will not be running.
RoslynAnalysisRunner has terminated.
Mono: successfully reloaded assembly
- Completed reload, in  0.828 seconds
Platform modules already initialized, skipping
Refreshing native plugins compatible for Editor in 0.32 ms, found 1 plugins.
Preloading 0 native plugins for Editor in 0.00 ms.
Unloading 1783 Unused Serialized files (Serialized files now loaded: 0)
System memory in use before: 87.2 MB.
System memory in use after: 87.2 MB.

Unloading 12 unused Assets to reduce memory usage. Loaded Objects now: 2260.
Total: 2.201100 ms (FindLiveObjects: 0.268700 ms CreateObjectMapping: 0.089900 ms MarkObjects: 1.707100 ms  DeleteObjects: 0.134300 ms)

========================================================================
Received Prepare
Registering precompiled user dll's ...
Registered in 0.001027 seconds.
Begin MonoManager ReloadAssembly
Native extension for WindowsStandalone target not found
Refreshing native plugins compatible for Editor in 0.34 ms, found 1 plugins.
Preloading 0 native plugins for Editor in 0.00 ms.
Invoked RoslynAnalysisRunner static constructor.
RoslynAnalysisRunner will not be running.
RoslynAnalysisRunner has terminated.
Mono: successfully reloaded assembly
- Completed reload, in  0.810 seconds
Platform modules already initialized, skipping
Refreshing native plugins compatible for Editor in 0.37 ms, found 1 plugins.
Preloading 0 native plugins for Editor in 0.00 ms.
Unloading 1783 Unused Serialized files (Serialized files now loaded: 0)
System memory in use before: 87.3 MB.
System memory in use after: 87.3 MB.

Unloading 12 unused Assets to reduce memory usage. Loaded Objects now: 2263.
Total: 2.385900 ms (FindLiveObjects: 0.338100 ms CreateObjectMapping: 0.064600 ms MarkObjects: 1.851100 ms  DeleteObjects: 0.130900 ms)

========================================================================
Received Prepare
Registering precompiled user dll's ...
Registered in 0.001021 seconds.
Begin MonoManager ReloadAssembly
Native extension for WindowsStandalone target not found
Refreshing native plugins compatible for Editor in 0.33 ms, found 1 plugins.
Preloading 0 native plugins for Editor in 0.00 ms.
Invoked RoslynAnalysisRunner static constructor.
RoslynAnalysisRunner will not be running.
RoslynAnalysisRunner has terminated.
Mono: successfully reloaded assembly
- Completed reload, in  0.802 seconds
Platform modules already initialized, skipping
Refreshing native plugins compatible for Editor in 0.32 ms, found 1 plugins.
Preloading 0 native plugins for Editor in 0.00 ms.
Unloading 1783 Unused Serialized files (Serialized files now loaded: 0)
System memory in use before: 87.4 MB.
System memory in use after: 87.4 MB.

Unloading 12 unused Assets to reduce memory usage. Loaded Objects now: 2266.
Total: 2.146400 ms (FindLiveObjects: 0.202700 ms CreateObjectMapping: 0.080400 ms MarkObjects: 1.770700 ms  DeleteObjects: 0.091400 ms)

========================================================================
Received Prepare
Registering precompiled user dll's ...
Registered in 0.001051 seconds.
Begin MonoManager ReloadAssembly
Native extension for WindowsStandalone target not found
Refreshing native plugins compatible for Editor in 0.32 ms, found 1 plugins.
Preloading 0 native plugins for Editor in 0.00 ms.
Invoked RoslynAnalysisRunner static constructor.
RoslynAnalysisRunner will not be running.
RoslynAnalysisRunner has terminated.
Mono: successfully reloaded assembly
- Completed reload, in  0.826 seconds
Platform modules already initialized, skipping
Refreshing native plugins compatible for Editor in 0.31 ms, found 1 plugins.
Preloading 0 native plugins for Editor in 0.00 ms.
Unloading 1783 Unused Serialized files (Serialized files now loaded: 0)
System memory in use before: 87.5 MB.
System memory in use after: 87.5 MB.

Unloading 12 unused Assets to reduce memory usage. Loaded Objects now: 2269.
Total: 2.001700 ms (FindLiveObjects: 0.203700 ms CreateObjectMapping: 0.074100 ms MarkObjects: 1.633400 ms  DeleteObjects: 0.088800 ms)

========================================================================
Received Prepare
Registering precompiled user dll's ...
Registered in 0.001516 seconds.
Begin MonoManager ReloadAssembly
Native extension for WindowsStandalone target not found
Refreshing native plugins compatible for Editor in 0.95 ms, found 1 plugins.
Preloading 0 native plugins for Editor in 0.00 ms.
Invoked RoslynAnalysisRunner static constructor.
RoslynAnalysisRunner will not be running.
RoslynAnalysisRunner has terminated.
Mono: successfully reloaded assembly
- Completed reload, in  1.412 seconds
Platform modules already initialized, skipping
Refreshing native plugins compatible for Editor in 0.34 ms, found 1 plugins.
Preloading 0 native plugins for Editor in 0.00 ms.
Unloading 1783 Unused Serialized files (Serialized files now loaded: 0)
System memory in use before: 87.5 MB.
System memory in use after: 87.5 MB.

Unloading 12 unused Assets to reduce memory usage. Loaded Objects now: 2272.
Total: 2.583700 ms (FindLiveObjects: 0.356600 ms CreateObjectMapping: 0.078500 ms MarkObjects: 1.978900 ms  DeleteObjects: 0.168000 ms)

========================================================================
Received Prepare
Registering precompiled user dll's ...
Registered in 0.001070 seconds.
Begin MonoManager ReloadAssembly
Native extension for WindowsStandalone target not found
Refreshing native plugins compatible for Editor in 0.44 ms, found 1 plugins.
Preloading 0 native plugins for Editor in 0.00 ms.
Invoked RoslynAnalysisRunner static constructor.
RoslynAnalysisRunner will not be running.
RoslynAnalysisRunner has terminated.
Mono: successfully reloaded assembly
- Completed reload, in  0.977 seconds
Platform modules already initialized, skipping
Refreshing native plugins compatible for Editor in 0.43 ms, found 1 plugins.
Preloading 0 native plugins for Editor in 0.00 ms.
Unloading 1783 Unused Serialized files (Serialized files now loaded: 0)
System memory in use before: 87.6 MB.
System memory in use after: 87.6 MB.

Unloading 12 unused Assets to reduce memory usage. Loaded Objects now: 2275.
Total: 4.601800 ms (FindLiveObjects: 1.055800 ms CreateObjectMapping: 1.101300 ms MarkObjects: 2.327800 ms  DeleteObjects: 0.105800 ms)

========================================================================
Received Prepare
Registering precompiled user dll's ...
Registered in 0.002947 seconds.
Begin MonoManager ReloadAssembly
Native extension for WindowsStandalone target not found
Refreshing native plugins compatible for Editor in 0.47 ms, found 1 plugins.
Preloading 0 native plugins for Editor in 0.00 ms.
Invoked RoslynAnalysisRunner static constructor.
RoslynAnalysisRunner will not be running.
RoslynAnalysisRunner has terminated.
Mono: successfully reloaded assembly
- Completed reload, in  0.954 seconds
Platform modules already initialized, skipping
Refreshing native plugins compatible for Editor in 0.34 ms, found 1 plugins.
Preloading 0 native plugins for Editor in 0.00 ms.
Unloading 1783 Unused Serialized files (Serialized files now loaded: 0)
System memory in use before: 87.7 MB.
System memory in use after: 87.7 MB.

Unloading 12 unused Assets to reduce memory usage. Loaded Objects now: 2278.
Total: 3.191300 ms (FindLiveObjects: 0.482700 ms CreateObjectMapping: 0.109400 ms MarkObjects: 2.465700 ms  DeleteObjects: 0.127300 ms)

========================================================================
Received Prepare
Registering precompiled user dll's ...
Registered in 0.001242 seconds.
Begin MonoManager ReloadAssembly
Native extension for WindowsStandalone target not found
Refreshing native plugins compatible for Editor in 0.32 ms, found 1 plugins.
Preloading 0 native plugins for Editor in 0.00 ms.
Invoked RoslynAnalysisRunner static constructor.
RoslynAnalysisRunner will not be running.
RoslynAnalysisRunner has terminated.
Mono: successfully reloaded assembly
- Completed reload, in  0.808 seconds
Platform modules already initialized, skipping
Refreshing native plugins compatible for Editor in 0.34 ms, found 1 plugins.
Preloading 0 native plugins for Editor in 0.00 ms.
Unloading 1783 Unused Serialized files (Serialized files now loaded: 0)
System memory in use before: 87.7 MB.
System memory in use after: 87.7 MB.

Unloading 12 unused Assets to reduce memory usage. Loaded Objects now: 2281.
Total: 2.310200 ms (FindLiveObjects: 0.407600 ms CreateObjectMapping: 0.164100 ms MarkObjects: 1.643900 ms  DeleteObjects: 0.093100 ms)

========================================================================
Received Import Request.
  Time since last request: 1663.735686 seconds.
  path: Assets/Scenes
  artifactKey: Guid(ccd3e8a22e71f4e489325675b4079d66) Importer(815301076,1909f56bfc062723c751e8b465ee728b)
Start importing Assets/Scenes using Guid(ccd3e8a22e71f4e489325675b4079d66) Importer(815301076,1909f56bfc062723c751e8b465ee728b)  -> (artifact id: '223ac4c8d648d5e2cfc1a215e4940b82') in 0.005239 seconds
  Import took 0.110736 seconds .

AssetImportWorkerClient::OnTransportError - code=2 error=End of file
